<?xml version="1.0" encoding="UTF-8"?>
<testsuite xmlns:xsi="http://www.w3.org/2001/XMLSchema-instance" xsi:noNamespaceSchemaLocation="https://maven.apache.org/surefire/maven-surefire-plugin/xsd/surefire-test-report.xsd" name="com.example.BowlingGameTest" time="0.025" tests="5" errors="0" skipped="0" failures="0">
  <properties>
[...]
</properties>
  <testcase name="testOneStrike" classname="com.example.BowlingGameTest" time="0.016"/>
  <testcase name="testGutterGame" classname="com.example.BowlingGameTest" time="0"/>
  <testcase name="testOneSpare" classname="com.example.BowlingGameTest" time="0.001"/>
  <testcase name="testAllOnes" classname="com.example.BowlingGameTest" time="0"/>
  <testcase name="testPerfectGame" classname="com.example.BowlingGameTest" time="0"/>
</testsuite>